2024-04-27T17:24:22.867-03:00  INFO 4160 --- [StartCMS] [main] c.f.startcms.StartCmsApplicationTests    : Starting StartCmsApplicationTests using Java 17.0.10 with PID 4160 (started by santi in C:\Users\santi\OneDrive\Desktop\springBootWorkSpace\StartCMS)
2024-04-27T17:24:22.868-03:00  INFO 4160 --- [StartCMS] [main] c.f.startcms.StartCmsApplicationTests    : No active profile set, falling back to 1 default profile: "default"
2024-04-27T17:24:23.573-03:00  INFO 4160 --- [StartCMS] [main] .s.d.r.c.RepositoryConfigurationDelegate : Bootstrapping Spring Data JDBC repositories in DEFAULT mode.
2024-04-27T17:24:23.601-03:00  INFO 4160 --- [StartCMS] [main] .s.d.r.c.RepositoryConfigurationDelegate : Finished Spring Data repository scanning in 22 ms. Found 0 JDBC repository interfaces.
2024-04-27T17:24:24.646-03:00  WARN 4160 --- [StartCMS] [main] ion$DefaultTemplateResolverConfiguration : Cannot find template location: classpath:/templates/ (please add some templates, check your Thymeleaf configuration, or set spring.thymeleaf.check-template-location=false)
2024-04-27T17:24:25.278-03:00  INFO 4160 --- [StartCMS] [main] c.f.startcms.StartCmsApplicationTests    : Started StartCmsApplicationTests in 2.812 seconds (process running for 4.097)
2024-04-27T17:26:10.701-03:00  INFO 5068 --- [StartCMS] [main] c.f.startcms.StartCmsApplicationTests    : Starting StartCmsApplicationTests using Java 17.0.10 with PID 5068 (started by santi in C:\Users\santi\OneDrive\Desktop\springBootWorkSpace\StartCMS)
2024-04-27T17:26:10.704-03:00  INFO 5068 --- [StartCMS] [main] c.f.startcms.StartCmsApplicationTests    : No active profile set, falling back to 1 default profile: "default"
2024-04-27T17:26:11.449-03:00  INFO 5068 --- [StartCMS] [main] .s.d.r.c.RepositoryConfigurationDelegate : Bootstrapping Spring Data JDBC repositories in DEFAULT mode.
2024-04-27T17:26:11.480-03:00  INFO 5068 --- [StartCMS] [main] .s.d.r.c.RepositoryConfigurationDelegate : Finished Spring Data repository scanning in 24 ms. Found 0 JDBC repository interfaces.
2024-04-27T17:26:12.493-03:00  WARN 5068 --- [StartCMS] [main] ion$DefaultTemplateResolverConfiguration : Cannot find template location: classpath:/templates/ (please add some templates, check your Thymeleaf configuration, or set spring.thymeleaf.check-template-location=false)
2024-04-27T17:26:13.136-03:00  INFO 5068 --- [StartCMS] [main] c.f.startcms.StartCmsApplicationTests    : Started StartCmsApplicationTests in 2.838 seconds (process running for 4.121)
2024-04-27T18:07:03.517-03:00  INFO 732 --- [StartCMS] [main] c.f.startcms.StartCmsApplicationTests    : Starting StartCmsApplicationTests using Java 17.0.10 with PID 732 (started by santi in C:\Users\santi\OneDrive\Desktop\springBootWorkSpace\StartCMS)
2024-04-27T18:07:03.522-03:00  INFO 732 --- [StartCMS] [main] c.f.startcms.StartCmsApplicationTests    : No active profile set, falling back to 1 default profile: "default"
2024-04-27T18:07:04.220-03:00  INFO 732 --- [StartCMS] [main] .s.d.r.c.RepositoryConfigurationDelegate : Bootstrapping Spring Data JDBC repositories in DEFAULT mode.
2024-04-27T18:07:04.252-03:00  INFO 732 --- [StartCMS] [main] .s.d.r.c.RepositoryConfigurationDelegate : Finished Spring Data repository scanning in 25 ms. Found 0 JDBC repository interfaces.
2024-04-27T18:07:05.272-03:00  WARN 732 --- [StartCMS] [main] ion$DefaultTemplateResolverConfiguration : Cannot find template location: classpath:/templates/ (please add some templates, check your Thymeleaf configuration, or set spring.thymeleaf.check-template-location=false)
2024-04-27T18:07:05.924-03:00  INFO 732 --- [StartCMS] [main] c.f.startcms.StartCmsApplicationTests    : Started StartCmsApplicationTests in 2.795 seconds (process running for 4.021)
2024-04-27T18:07:07.140-03:00 ERROR 732 --- [StartCMS] [main] c.f.s.repository.CategoriaRepository     : org.springframework.jdbc.BadSqlGrammarException: StatementCallback; bad SQL grammar [insert into Categoria (Nombre, Descripcion, Fecha, CategoriaSuperior) values ('Test1', 'Este es un ejemplo de categoria superior', '1')]
2024-04-27T18:17:47.974-03:00  INFO 5908 --- [StartCMS] [main] c.f.startcms.StartCmsApplicationTests    : Starting StartCmsApplicationTests using Java 17.0.10 with PID 5908 (started by santi in C:\Users\santi\OneDrive\Desktop\springBootWorkSpace\StartCMS)
2024-04-27T18:17:47.976-03:00  INFO 5908 --- [StartCMS] [main] c.f.startcms.StartCmsApplicationTests    : No active profile set, falling back to 1 default profile: "default"
2024-04-27T18:17:48.683-03:00  INFO 5908 --- [StartCMS] [main] .s.d.r.c.RepositoryConfigurationDelegate : Bootstrapping Spring Data JDBC repositories in DEFAULT mode.
2024-04-27T18:17:48.718-03:00  INFO 5908 --- [StartCMS] [main] .s.d.r.c.RepositoryConfigurationDelegate : Finished Spring Data repository scanning in 26 ms. Found 0 JDBC repository interfaces.
2024-04-27T18:17:49.747-03:00  WARN 5908 --- [StartCMS] [main] ion$DefaultTemplateResolverConfiguration : Cannot find template location: classpath:/templates/ (please add some templates, check your Thymeleaf configuration, or set spring.thymeleaf.check-template-location=false)
2024-04-27T18:17:50.377-03:00  INFO 5908 --- [StartCMS] [main] c.f.startcms.StartCmsApplicationTests    : Started StartCmsApplicationTests in 2.786 seconds (process running for 4.007)
2024-04-27T18:17:51.522-03:00 ERROR 5908 --- [StartCMS] [main] c.f.s.repository.CategoriaRepository     : org.springframework.jdbc.BadSqlGrammarException: StatementCallback; bad SQL grammar [insert into Categoria (Nombre, Descripcion, Fecha, CategoriaSuperior) values ('Test1', 'Este es un ejemplo de categoria superior', '1')]
2024-04-27T18:19:30.057-03:00  INFO 12500 --- [StartCMS] [main] c.f.startcms.repository.TestingGeneral   : Starting TestingGeneral using Java 17.0.10 with PID 12500 (started by santi in C:\Users\santi\OneDrive\Desktop\springBootWorkSpace\StartCMS)
2024-04-27T18:19:30.058-03:00  INFO 12500 --- [StartCMS] [main] c.f.startcms.repository.TestingGeneral   : No active profile set, falling back to 1 default profile: "default"
2024-04-27T18:19:30.767-03:00  INFO 12500 --- [StartCMS] [main] .s.d.r.c.RepositoryConfigurationDelegate : Bootstrapping Spring Data JDBC repositories in DEFAULT mode.
2024-04-27T18:19:30.800-03:00  INFO 12500 --- [StartCMS] [main] .s.d.r.c.RepositoryConfigurationDelegate : Finished Spring Data repository scanning in 26 ms. Found 0 JDBC repository interfaces.
2024-04-27T18:19:31.841-03:00  WARN 12500 --- [StartCMS] [main] ion$DefaultTemplateResolverConfiguration : Cannot find template location: classpath:/templates/ (please add some templates, check your Thymeleaf configuration, or set spring.thymeleaf.check-template-location=false)
2024-04-27T18:19:32.455-03:00  INFO 12500 --- [StartCMS] [main] c.f.startcms.repository.TestingGeneral   : Started TestingGeneral in 2.774 seconds (process running for 4.112)
2024-04-27T18:19:33.561-03:00 ERROR 12500 --- [StartCMS] [main] c.f.s.repository.CategoriaRepository     : org.springframework.jdbc.BadSqlGrammarException: StatementCallback; bad SQL grammar [insert into Categoria (Nombre, Descripcion, Fecha, CategoriaSuperior) values ('Test1', 'Este es un ejemplo de categoria superior', '1')]
2024-04-27T18:20:28.331-03:00  INFO 4348 --- [StartCMS] [main] c.f.startcms.repository.TestingGeneral   : Starting TestingGeneral using Java 17.0.10 with PID 4348 (started by santi in C:\Users\santi\OneDrive\Desktop\springBootWorkSpace\StartCMS)
2024-04-27T18:20:28.333-03:00  INFO 4348 --- [StartCMS] [main] c.f.startcms.repository.TestingGeneral   : No active profile set, falling back to 1 default profile: "default"
2024-04-27T18:20:28.668-03:00  INFO 4348 --- [StartCMS] [main] c.f.startcms.repository.TestingGeneral   : Started TestingGeneral in 0.751 seconds (process running for 1.901)
2024-04-27T18:20:30.024-03:00 ERROR 4348 --- [StartCMS] [main] c.f.s.repository.CategoriaRepository     : org.springframework.jdbc.BadSqlGrammarException: StatementCallback; bad SQL grammar [insert into Categoria (Nombre, Descripcion, Fecha, CategoriaSuperior) values ('Test1', 'Este es un ejemplo de categoria superior', '1')]
2024-04-27T18:26:35.009-03:00  INFO 12748 --- [main] c.f.startcms.repository.TestingGeneral   : Starting TestingGeneral using Java 17.0.10 with PID 12748 (started by santi in C:\Users\santi\OneDrive\Desktop\springBootWorkSpace\StartCMS)
2024-04-27T18:26:35.010-03:00  INFO 12748 --- [main] c.f.startcms.repository.TestingGeneral   : No active profile set, falling back to 1 default profile: "default"
2024-04-27T18:26:35.335-03:00  INFO 12748 --- [main] c.f.startcms.repository.TestingGeneral   : Started TestingGeneral in 0.768 seconds (process running for 1.939)
2024-04-27T18:26:36.756-03:00 ERROR 12748 --- [main] c.f.s.repository.CategoriaRepository     : org.springframework.jdbc.BadSqlGrammarException: StatementCallback; bad SQL grammar [insert into Categoria (Nombre, Descripcion, Fecha, CategoriaSuperior) values ('Test1', 'Este es un ejemplo de categoria superior', '1')]
2024-04-27T18:28:18.201-03:00  INFO 3320 --- [StartCMS] [main] c.f.startcms.repository.TestingGeneral   : Starting TestingGeneral using Java 17.0.10 with PID 3320 (started by santi in C:\Users\santi\OneDrive\Desktop\springBootWorkSpace\StartCMS)
2024-04-27T18:28:18.203-03:00  INFO 3320 --- [StartCMS] [main] c.f.startcms.repository.TestingGeneral   : No active profile set, falling back to 1 default profile: "default"
2024-04-27T18:28:18.528-03:00  INFO 3320 --- [StartCMS] [main] c.f.startcms.repository.TestingGeneral   : Started TestingGeneral in 0.768 seconds (process running for 1.973)
